envsensor_observer : complete initialization

----------------------------------------------------
sensor status : 2020-05-20 15:17:56.190364 (Intvl. 300sec)
 FC7B19B8DD04 : Rbt 0x01 : ACTIVE (2020-05-20 15:17:56.165898)

----------------------------------------------------
sensor status : 2020-05-20 15:22:56.192063 (Intvl. 300sec)
 FC7B19B8DD04 : Rbt 0x01 : ACTIVE (2020-05-20 15:22:56.085244)

----------------------------------------------------
sensor status : 2020-05-20 15:27:56.216719 (Intvl. 300sec)
 FC7B19B8DD04 : Rbt 0x01 : ACTIVE (2020-05-20 15:27:56.070821)

----------------------------------------------------
sensor status : 2020-05-20 15:32:56.204219 (Intvl. 300sec)
 FC7B19B8DD04 : Rbt 0x01 : ACTIVE (2020-05-20 15:32:55.981835)

----------------------------------------------------
sensor status : 2020-05-20 15:37:56.200986 (Intvl. 300sec)
 FC7B19B8DD04 : Rbt 0x01 : ACTIVE (2020-05-20 15:37:55.265840)

----------------------------------------------------
sensor status : 2020-05-20 15:42:56.211625 (Intvl. 300sec)
 FC7B19B8DD04 : Rbt 0x01 : ACTIVE (2020-05-20 15:42:54.856533)

----------------------------------------------------
sensor status : 2020-05-20 15:47:56.204379 (Intvl. 300sec)
 FC7B19B8DD04 : Rbt 0x01 : ACTIVE (2020-05-20 15:47:55.810344)

----------------------------------------------------
sensor status : 2020-05-20 15:52:56.205412 (Intvl. 300sec)
 FC7B19B8DD04 : Rbt 0x01 : ACTIVE (2020-05-20 15:52:56.152185)

----------------------------------------------------
sensor status : 2020-05-20 15:57:56.199173 (Intvl. 300sec)
 FC7B19B8DD04 : Rbt 0x01 : ACTIVE (2020-05-20 15:57:56.156912)

----------------------------------------------------
sensor status : 2020-05-20 16:02:56.199667 (Intvl. 300sec)
 FC7B19B8DD04 : Rbt 0x01 : ACTIVE (2020-05-20 16:02:56.145299)

----------------------------------------------------
sensor status : 2020-05-20 16:07:56.205351 (Intvl. 300sec)
 FC7B19B8DD04 : Rbt 0x01 : ACTIVE (2020-05-20 16:07:56.108486)

----------------------------------------------------
sensor status : 2020-05-20 16:12:56.205027 (Intvl. 300sec)
 FC7B19B8DD04 : Rbt 0x01 : ACTIVE (2020-05-20 16:12:56.105910)

----------------------------------------------------
sensor status : 2020-05-20 16:17:56.230379 (Intvl. 300sec)
 FC7B19B8DD04 : Rbt 0x01 : ACTIVE (2020-05-20 16:17:56.230232)

----------------------------------------------------
sensor status : 2020-05-20 16:22:56.218834 (Intvl. 300sec)
 FC7B19B8DD04 : Rbt 0x01 : ACTIVE (2020-05-20 16:22:56.125332)

----------------------------------------------------
sensor status : 2020-05-20 16:27:56.210825 (Intvl. 300sec)
 FC7B19B8DD04 : Rbt 0x01 : ACTIVE (2020-05-20 16:27:56.144110)

----------------------------------------------------
sensor status : 2020-05-20 16:32:56.210556 (Intvl. 300sec)
 FC7B19B8DD04 : Rbt 0x01 : ACTIVE (2020-05-20 16:32:56.155729)

----------------------------------------------------
sensor status : 2020-05-20 16:37:56.206546 (Intvl. 300sec)
 FC7B19B8DD04 : Rbt 0x01 : ACTIVE (2020-05-20 16:37:55.702178)

----------------------------------------------------
sensor status : 2020-05-20 16:42:56.220483 (Intvl. 300sec)
 FC7B19B8DD04 : Rbt 0x01 : ACTIVE (2020-05-20 16:42:56.156656)

----------------------------------------------------
sensor status : 2020-05-20 16:47:56.218124 (Intvl. 300sec)
 FC7B19B8DD04 : Rbt 0x01 : ACTIVE (2020-05-20 16:47:54.773312)

----------------------------------------------------
sensor status : 2020-05-20 16:52:56.221330 (Intvl. 300sec)
 FC7B19B8DD04 : Rbt 0x01 : ACTIVE (2020-05-20 16:52:56.196644)

----------------------------------------------------
sensor status : 2020-05-20 16:57:56.241900 (Intvl. 300sec)
 FC7B19B8DD04 : Rbt 0x01 : ACTIVE (2020-05-20 16:57:55.798775)

----------------------------------------------------
sensor status : 2020-05-20 17:02:56.212029 (Intvl. 300sec)
 FC7B19B8DD04 : Rbt 0x01 : ACTIVE (2020-05-20 17:02:56.018802)

----------------------------------------------------
sensor status : 2020-05-20 17:07:56.217287 (Intvl. 300sec)
 FC7B19B8DD04 : Rbt 0x01 : ACTIVE (2020-05-20 17:07:54.332229)

----------------------------------------------------
sensor status : 2020-05-20 17:12:56.214761 (Intvl. 300sec)
 FC7B19B8DD04 : Rbt 0x01 : ACTIVE (2020-05-20 17:12:56.159782)

----------------------------------------------------
sensor status : 2020-05-20 17:17:56.234046 (Intvl. 300sec)
 FC7B19B8DD04 : Rbt 0x01 : ACTIVE (2020-05-20 17:17:56.070032)

----------------------------------------------------
sensor status : 2020-05-20 17:22:56.226096 (Intvl. 300sec)
 FC7B19B8DD04 : Rbt 0x01 : ACTIVE (2020-05-20 17:22:55.987036)

----------------------------------------------------
sensor status : 2020-05-20 17:27:56.221313 (Intvl. 300sec)
 FC7B19B8DD04 : Rbt 0x01 : ACTIVE (2020-05-20 17:27:56.221172)

----------------------------------------------------
sensor status : 2020-05-20 17:32:56.218280 (Intvl. 300sec)
 FC7B19B8DD04 : Rbt 0x01 : ACTIVE (2020-05-20 17:32:56.203293)

----------------------------------------------------
sensor status : 2020-05-20 17:37:56.220940 (Intvl. 300sec)
 FC7B19B8DD04 : Rbt 0x01 : ACTIVE (2020-05-20 17:37:56.025859)

----------------------------------------------------
sensor status : 2020-05-20 17:42:56.230838 (Intvl. 300sec)
 FC7B19B8DD04 : Rbt 0x01 : ACTIVE (2020-05-20 17:42:56.230694)

----------------------------------------------------
sensor status : 2020-05-20 17:47:56.249367 (Intvl. 300sec)
 FC7B19B8DD04 : Rbt 0x01 : ACTIVE (2020-05-20 17:47:55.997495)

----------------------------------------------------
sensor status : 2020-05-20 17:52:56.220766 (Intvl. 300sec)
 FC7B19B8DD04 : Rbt 0x01 : ACTIVE (2020-05-20 17:52:56.136515)

----------------------------------------------------
sensor status : 2020-05-20 17:57:56.229461 (Intvl. 300sec)
 FC7B19B8DD04 : Rbt 0x01 : ACTIVE (2020-05-20 17:57:56.216914)

----------------------------------------------------
sensor status : 2020-05-20 18:02:56.234934 (Intvl. 300sec)
 FC7B19B8DD04 : Rbt 0x01 : ACTIVE (2020-05-20 18:02:56.200761)

----------------------------------------------------
sensor status : 2020-05-20 18:07:56.247261 (Intvl. 300sec)
 FC7B19B8DD04 : Rbt 0x01 : ACTIVE (2020-05-20 18:07:55.759835)

----------------------------------------------------
sensor status : 2020-05-20 18:12:56.237129 (Intvl. 300sec)
 FC7B19B8DD04 : Rbt 0x01 : ACTIVE (2020-05-20 18:12:56.237008)

----------------------------------------------------
sensor status : 2020-05-20 18:17:56.226975 (Intvl. 300sec)
 FC7B19B8DD04 : Rbt 0x01 : ACTIVE (2020-05-20 18:17:55.936792)

----------------------------------------------------
sensor status : 2020-05-20 18:22:56.227496 (Intvl. 300sec)
 FC7B19B8DD04 : Rbt 0x01 : ACTIVE (2020-05-20 18:22:55.831324)

----------------------------------------------------
sensor status : 2020-05-20 18:27:56.229024 (Intvl. 300sec)
 FC7B19B8DD04 : Rbt 0x01 : ACTIVE (2020-05-20 18:27:56.173482)

----------------------------------------------------
sensor status : 2020-05-20 18:32:56.242815 (Intvl. 300sec)
 FC7B19B8DD04 : Rbt 0x01 : ACTIVE (2020-05-20 18:32:55.475171)

----------------------------------------------------
sensor status : 2020-05-20 18:37:56.243992 (Intvl. 300sec)
 FC7B19B8DD04 : Rbt 0x01 : ACTIVE (2020-05-20 18:37:55.967833)

----------------------------------------------------
sensor status : 2020-05-20 18:42:56.232503 (Intvl. 300sec)
 FC7B19B8DD04 : Rbt 0x01 : ACTIVE (2020-05-20 18:42:55.490551)

----------------------------------------------------
sensor status : 2020-05-20 18:47:56.246556 (Intvl. 300sec)
 FC7B19B8DD04 : Rbt 0x01 : ACTIVE (2020-05-20 18:47:54.501056)

----------------------------------------------------
sensor status : 2020-05-20 18:52:56.241431 (Intvl. 300sec)
 FC7B19B8DD04 : Rbt 0x01 : ACTIVE (2020-05-20 18:52:54.517378)

----------------------------------------------------
sensor status : 2020-05-20 18:57:56.238827 (Intvl. 300sec)
 FC7B19B8DD04 : Rbt 0x01 : ACTIVE (2020-05-20 18:57:53.609330)

----------------------------------------------------
sensor status : 2020-05-20 19:02:56.236993 (Intvl. 300sec)
 FC7B19B8DD04 : Rbt 0x01 : ACTIVE (2020-05-20 19:02:53.643570)

----------------------------------------------------
sensor status : 2020-05-20 19:07:56.253067 (Intvl. 300sec)
 FC7B19B8DD04 : Rbt 0x01 : ACTIVE (2020-05-20 19:07:55.586310)

----------------------------------------------------
sensor status : 2020-05-20 19:12:56.244827 (Intvl. 300sec)
 FC7B19B8DD04 : Rbt 0x01 : ACTIVE (2020-05-20 19:12:55.064403)

----------------------------------------------------
sensor status : 2020-05-20 19:17:56.247476 (Intvl. 300sec)
 FC7B19B8DD04 : Rbt 0x01 : ACTIVE (2020-05-20 19:17:54.684768)

----------------------------------------------------
sensor status : 2020-05-20 19:22:56.244687 (Intvl. 300sec)
 FC7B19B8DD04 : Rbt 0x01 : ACTIVE (2020-05-20 19:22:54.214387)

----------------------------------------------------
sensor status : 2020-05-20 19:27:56.254900 (Intvl. 300sec)
 FC7B19B8DD04 : Rbt 0x01 : ACTIVE (2020-05-20 19:27:53.741451)

----------------------------------------------------
sensor status : 2020-05-20 19:32:56.244336 (Intvl. 300sec)
 FC7B19B8DD04 : Rbt 0x01 : ACTIVE (2020-05-20 19:32:56.035945)

----------------------------------------------------
sensor status : 2020-05-20 19:37:56.240826 (Intvl. 300sec)
 FC7B19B8DD04 : Rbt 0x01 : ACTIVE (2020-05-20 19:37:56.109799)

----------------------------------------------------
sensor status : 2020-05-20 19:42:56.247496 (Intvl. 300sec)
 FC7B19B8DD04 : Rbt 0x01 : ACTIVE (2020-05-20 19:42:56.144825)

----------------------------------------------------
sensor status : 2020-05-20 19:47:56.250461 (Intvl. 300sec)
 FC7B19B8DD04 : Rbt 0x01 : ACTIVE (2020-05-20 19:47:56.177904)

----------------------------------------------------
sensor status : 2020-05-20 19:52:56.269440 (Intvl. 300sec)
 FC7B19B8DD04 : Rbt 0x01 : ACTIVE (2020-05-20 19:52:56.035036)

----------------------------------------------------
sensor status : 2020-05-20 19:57:56.246044 (Intvl. 300sec)
 FC7B19B8DD04 : Rbt 0x01 : ACTIVE (2020-05-20 19:57:55.929713)

----------------------------------------------------
sensor status : 2020-05-20 20:02:56.248985 (Intvl. 300sec)
 FC7B19B8DD04 : Rbt 0x01 : ACTIVE (2020-05-20 20:02:55.261122)

----------------------------------------------------
sensor status : 2020-05-20 20:07:56.265391 (Intvl. 300sec)
 FC7B19B8DD04 : Rbt 0x01 : ACTIVE (2020-05-20 20:07:56.216438)

----------------------------------------------------
sensor status : 2020-05-20 20:12:56.247568 (Intvl. 300sec)
 FC7B19B8DD04 : Rbt 0x01 : ACTIVE (2020-05-20 20:12:54.514548)

----------------------------------------------------
sensor status : 2020-05-20 20:17:56.261518 (Intvl. 300sec)
 FC7B19B8DD04 : Rbt 0x01 : ACTIVE (2020-05-20 20:17:54.157078)

----------------------------------------------------
sensor status : 2020-05-20 20:22:56.266774 (Intvl. 300sec)
 FC7B19B8DD04 : Rbt 0x01 : ACTIVE (2020-05-20 20:22:53.648087)

----------------------------------------------------
sensor status : 2020-05-20 20:27:56.273550 (Intvl. 300sec)
 FC7B19B8DD04 : Rbt 0x01 : ACTIVE (2020-05-20 20:27:53.199005)

----------------------------------------------------
sensor status : 2020-05-20 20:32:56.262117 (Intvl. 300sec)
 FC7B19B8DD04 : Rbt 0x01 : ACTIVE (2020-05-20 20:32:52.668153)

----------------------------------------------------
sensor status : 2020-05-20 20:37:56.272705 (Intvl. 300sec)
 FC7B19B8DD04 : Rbt 0x01 : ACTIVE (2020-05-20 20:37:52.270808)

----------------------------------------------------
sensor status : 2020-05-20 20:42:56.266601 (Intvl. 300sec)
 FC7B19B8DD04 : Rbt 0x01 : ACTIVE (2020-05-20 20:42:51.589755)

----------------------------------------------------
sensor status : 2020-05-20 20:47:56.271895 (Intvl. 300sec)
 FC7B19B8DD04 : Rbt 0x01 : ACTIVE (2020-05-20 20:47:54.345308)

----------------------------------------------------
sensor status : 2020-05-20 20:52:56.257431 (Intvl. 300sec)
 FC7B19B8DD04 : Rbt 0x01 : ACTIVE (2020-05-20 20:52:56.236842)

----------------------------------------------------
sensor status : 2020-05-20 20:57:56.260797 (Intvl. 300sec)
 FC7B19B8DD04 : Rbt 0x01 : ACTIVE (2020-05-20 20:57:52.944040)

----------------------------------------------------
sensor status : 2020-05-20 21:02:56.267576 (Intvl. 300sec)
 FC7B19B8DD04 : Rbt 0x01 : ACTIVE (2020-05-20 21:02:55.462059)

----------------------------------------------------
sensor status : 2020-05-20 21:07:56.262230 (Intvl. 300sec)
 FC7B19B8DD04 : Rbt 0x01 : ACTIVE (2020-05-20 21:07:55.393457)

----------------------------------------------------
sensor status : 2020-05-20 21:12:56.270609 (Intvl. 300sec)
 FC7B19B8DD04 : Rbt 0x01 : ACTIVE (2020-05-20 21:12:55.991024)

----------------------------------------------------
sensor status : 2020-05-20 21:17:56.271194 (Intvl. 300sec)
 FC7B19B8DD04 : Rbt 0x01 : ACTIVE (2020-05-20 21:17:54.470151)

----------------------------------------------------
sensor status : 2020-05-20 21:22:56.283184 (Intvl. 300sec)
 FC7B19B8DD04 : Rbt 0x01 : ACTIVE (2020-05-20 21:22:56.230437)

----------------------------------------------------
sensor status : 2020-05-20 21:27:56.276945 (Intvl. 300sec)
 FC7B19B8DD04 : Rbt 0x01 : ACTIVE (2020-05-20 21:27:56.247988)

----------------------------------------------------
sensor status : 2020-05-20 21:32:56.280198 (Intvl. 300sec)
 FC7B19B8DD04 : Rbt 0x01 : ACTIVE (2020-05-20 21:32:56.106005)

----------------------------------------------------
sensor status : 2020-05-20 21:37:56.268813 (Intvl. 300sec)
 FC7B19B8DD04 : Rbt 0x01 : ACTIVE (2020-05-20 21:37:56.125055)

----------------------------------------------------
sensor status : 2020-05-20 21:42:56.269698 (Intvl. 300sec)
 FC7B19B8DD04 : Rbt 0x01 : ACTIVE (2020-05-20 21:42:56.138847)

----------------------------------------------------
sensor status : 2020-05-20 21:47:56.281223 (Intvl. 300sec)
 FC7B19B8DD04 : Rbt 0x01 : ACTIVE (2020-05-20 21:47:55.542646)

----------------------------------------------------
sensor status : 2020-05-20 21:52:56.265852 (Intvl. 300sec)
 FC7B19B8DD04 : Rbt 0x01 : ACTIVE (2020-05-20 21:52:55.640557)

----------------------------------------------------
sensor status : 2020-05-20 21:57:56.274783 (Intvl. 300sec)
 FC7B19B8DD04 : Rbt 0x01 : ACTIVE (2020-05-20 21:57:54.813432)

----------------------------------------------------
sensor status : 2020-05-20 22:02:56.277123 (Intvl. 300sec)
 FC7B19B8DD04 : Rbt 0x01 : ACTIVE (2020-05-20 22:02:54.174816)

----------------------------------------------------
sensor status : 2020-05-20 22:07:56.268621 (Intvl. 300sec)
 FC7B19B8DD04 : Rbt 0x01 : ACTIVE (2020-05-20 22:07:56.268445)

----------------------------------------------------
sensor status : 2020-05-20 22:12:56.272383 (Intvl. 300sec)
 FC7B19B8DD04 : Rbt 0x01 : ACTIVE (2020-05-20 22:12:56.270974)

----------------------------------------------------
sensor status : 2020-05-20 22:17:56.302035 (Intvl. 300sec)
 FC7B19B8DD04 : Rbt 0x01 : ACTIVE (2020-05-20 22:17:56.008522)

----------------------------------------------------
sensor status : 2020-05-20 22:22:56.310971 (Intvl. 300sec)
 FC7B19B8DD04 : Rbt 0x01 : ACTIVE (2020-05-20 22:22:55.826213)

----------------------------------------------------
sensor status : 2020-05-20 22:27:56.282130 (Intvl. 300sec)
 FC7B19B8DD04 : Rbt 0x01 : ACTIVE (2020-05-20 22:27:55.384744)

----------------------------------------------------
sensor status : 2020-05-20 22:32:56.284693 (Intvl. 300sec)
 FC7B19B8DD04 : Rbt 0x01 : ACTIVE (2020-05-20 22:32:55.694759)

----------------------------------------------------
sensor status : 2020-05-20 22:37:56.284082 (Intvl. 300sec)
 FC7B19B8DD04 : Rbt 0x01 : ACTIVE (2020-05-20 22:37:56.283910)

----------------------------------------------------
sensor status : 2020-05-20 22:42:56.277351 (Intvl. 300sec)
 FC7B19B8DD04 : Rbt 0x01 : ACTIVE (2020-05-20 22:42:56.178708)

----------------------------------------------------
sensor status : 2020-05-20 22:47:56.283532 (Intvl. 300sec)
 FC7B19B8DD04 : Rbt 0x01 : ACTIVE (2020-05-20 22:47:56.253309)

----------------------------------------------------
sensor status : 2020-05-20 22:52:56.280797 (Intvl. 300sec)
 FC7B19B8DD04 : Rbt 0x01 : ACTIVE (2020-05-20 22:52:56.272408)

----------------------------------------------------
sensor status : 2020-05-20 22:57:56.279610 (Intvl. 300sec)
 FC7B19B8DD04 : Rbt 0x01 : ACTIVE (2020-05-20 22:57:56.211359)

----------------------------------------------------
sensor status : 2020-05-20 23:02:56.281647 (Intvl. 300sec)
 FC7B19B8DD04 : Rbt 0x01 : ACTIVE (2020-05-20 23:02:56.235703)

----------------------------------------------------
sensor status : 2020-05-20 23:07:56.281061 (Intvl. 300sec)
 FC7B19B8DD04 : Rbt 0x01 : ACTIVE (2020-05-20 23:07:56.198054)

----------------------------------------------------
sensor status : 2020-05-20 23:12:56.310393 (Intvl. 300sec)
 FC7B19B8DD04 : Rbt 0x01 : ACTIVE (2020-05-20 23:12:55.983814)

----------------------------------------------------
sensor status : 2020-05-20 23:17:56.282776 (Intvl. 300sec)
 FC7B19B8DD04 : Rbt 0x01 : ACTIVE (2020-05-20 23:17:56.237892)

----------------------------------------------------
sensor status : 2020-05-20 23:22:56.302285 (Intvl. 300sec)
 FC7B19B8DD04 : Rbt 0x01 : ACTIVE (2020-05-20 23:22:56.277954)

----------------------------------------------------
sensor status : 2020-05-20 23:27:56.319516 (Intvl. 300sec)
 FC7B19B8DD04 : Rbt 0x01 : ACTIVE (2020-05-20 23:27:56.268562)

----------------------------------------------------
sensor status : 2020-05-20 23:32:56.286660 (Intvl. 300sec)
 FC7B19B8DD04 : Rbt 0x01 : ACTIVE (2020-05-20 23:32:56.085439)

----------------------------------------------------
sensor status : 2020-05-20 23:37:56.285850 (Intvl. 300sec)
 FC7B19B8DD04 : Rbt 0x01 : ACTIVE (2020-05-20 23:37:56.268279)

----------------------------------------------------
sensor status : 2020-05-20 23:42:56.320931 (Intvl. 300sec)
 FC7B19B8DD04 : Rbt 0x01 : ACTIVE (2020-05-20 23:42:56.320777)

----------------------------------------------------
sensor status : 2020-05-20 23:47:56.291534 (Intvl. 300sec)
 FC7B19B8DD04 : Rbt 0x01 : ACTIVE (2020-05-20 23:47:56.045391)

----------------------------------------------------
sensor status : 2020-05-20 23:52:56.292385 (Intvl. 300sec)
 FC7B19B8DD04 : Rbt 0x01 : ACTIVE (2020-05-20 23:52:56.187539)

----------------------------------------------------
sensor status : 2020-05-20 23:57:56.304749 (Intvl. 300sec)
 FC7B19B8DD04 : Rbt 0x01 : ACTIVE (2020-05-20 23:57:56.082765)

----------------------------------------------------
sensor status : 2020-05-21 00:02:56.317225 (Intvl. 300sec)
 FC7B19B8DD04 : Rbt 0x01 : ACTIVE (2020-05-21 00:02:55.927995)

----------------------------------------------------
sensor status : 2020-05-21 00:07:56.303105 (Intvl. 300sec)
 FC7B19B8DD04 : Rbt 0x01 : ACTIVE (2020-05-21 00:07:56.107456)

----------------------------------------------------
sensor status : 2020-05-21 00:12:56.311699 (Intvl. 300sec)
 FC7B19B8DD04 : Rbt 0x01 : ACTIVE (2020-05-21 00:12:55.496715)

----------------------------------------------------
sensor status : 2020-05-21 00:17:56.292291 (Intvl. 300sec)
 FC7B19B8DD04 : Rbt 0x01 : ACTIVE (2020-05-21 00:17:54.468519)

----------------------------------------------------
sensor status : 2020-05-21 00:22:56.295851 (Intvl. 300sec)
 FC7B19B8DD04 : Rbt 0x01 : ACTIVE (2020-05-21 00:22:55.923460)

----------------------------------------------------
sensor status : 2020-05-21 00:27:56.293722 (Intvl. 300sec)
 FC7B19B8DD04 : Rbt 0x01 : ACTIVE (2020-05-21 00:27:55.912963)

----------------------------------------------------
sensor status : 2020-05-21 00:32:56.295120 (Intvl. 300sec)
 FC7B19B8DD04 : Rbt 0x01 : ACTIVE (2020-05-21 00:32:56.212242)

----------------------------------------------------
sensor status : 2020-05-21 00:37:56.317311 (Intvl. 300sec)
 FC7B19B8DD04 : Rbt 0x01 : ACTIVE (2020-05-21 00:37:56.264914)

----------------------------------------------------
sensor status : 2020-05-21 00:42:56.305935 (Intvl. 300sec)
 FC7B19B8DD04 : Rbt 0x01 : ACTIVE (2020-05-21 00:42:56.112762)

----------------------------------------------------
sensor status : 2020-05-21 00:47:56.299300 (Intvl. 300sec)
 FC7B19B8DD04 : Rbt 0x01 : ACTIVE (2020-05-21 00:47:56.145218)

----------------------------------------------------
sensor status : 2020-05-21 00:52:56.301091 (Intvl. 300sec)
 FC7B19B8DD04 : Rbt 0x01 : ACTIVE (2020-05-21 00:52:56.279493)

----------------------------------------------------
sensor status : 2020-05-21 00:57:56.311941 (Intvl. 300sec)
 FC7B19B8DD04 : Rbt 0x01 : ACTIVE (2020-05-21 00:57:56.256913)

----------------------------------------------------
sensor status : 2020-05-21 01:02:56.343393 (Intvl. 300sec)
 FC7B19B8DD04 : Rbt 0x01 : ACTIVE (2020-05-21 01:02:56.172963)

----------------------------------------------------
sensor status : 2020-05-21 01:07:56.311702 (Intvl. 300sec)
 FC7B19B8DD04 : Rbt 0x01 : ACTIVE (2020-05-21 01:07:56.297204)

----------------------------------------------------
sensor status : 2020-05-21 01:12:56.325191 (Intvl. 300sec)
 FC7B19B8DD04 : Rbt 0x01 : ACTIVE (2020-05-21 01:12:56.091848)

----------------------------------------------------
sensor status : 2020-05-21 01:17:56.328011 (Intvl. 300sec)
 FC7B19B8DD04 : Rbt 0x01 : ACTIVE (2020-05-21 01:17:56.128550)

----------------------------------------------------
sensor status : 2020-05-21 01:22:56.312175 (Intvl. 300sec)
 FC7B19B8DD04 : Rbt 0x01 : ACTIVE (2020-05-21 01:22:55.856712)

----------------------------------------------------
sensor status : 2020-05-21 01:27:56.307837 (Intvl. 300sec)
 FC7B19B8DD04 : Rbt 0x01 : ACTIVE (2020-05-21 01:27:55.923411)

----------------------------------------------------
sensor status : 2020-05-21 01:32:56.320541 (Intvl. 300sec)
 FC7B19B8DD04 : Rbt 0x01 : ACTIVE (2020-05-21 01:32:55.886498)

----------------------------------------------------
sensor status : 2020-05-21 01:37:56.333304 (Intvl. 300sec)
 FC7B19B8DD04 : Rbt 0x01 : ACTIVE (2020-05-21 01:37:55.994392)

----------------------------------------------------
sensor status : 2020-05-21 01:42:56.310959 (Intvl. 300sec)
 FC7B19B8DD04 : Rbt 0x01 : ACTIVE (2020-05-21 01:42:56.145120)

----------------------------------------------------
sensor status : 2020-05-21 01:47:56.316080 (Intvl. 300sec)
 FC7B19B8DD04 : Rbt 0x01 : ACTIVE (2020-05-21 01:47:56.155712)

----------------------------------------------------
sensor status : 2020-05-21 01:52:56.312631 (Intvl. 300sec)
 FC7B19B8DD04 : Rbt 0x01 : ACTIVE (2020-05-21 01:52:56.296442)

----------------------------------------------------
sensor status : 2020-05-21 01:57:56.310248 (Intvl. 300sec)
 FC7B19B8DD04 : Rbt 0x01 : ACTIVE (2020-05-21 01:57:56.229044)

----------------------------------------------------
sensor status : 2020-05-21 02:02:56.315965 (Intvl. 300sec)
 FC7B19B8DD04 : Rbt 0x01 : ACTIVE (2020-05-21 02:02:56.188260)

----------------------------------------------------
sensor status : 2020-05-21 02:07:56.317978 (Intvl. 300sec)
 FC7B19B8DD04 : Rbt 0x01 : ACTIVE (2020-05-21 02:07:56.257493)

----------------------------------------------------
sensor status : 2020-05-21 02:12:56.311823 (Intvl. 300sec)
 FC7B19B8DD04 : Rbt 0x01 : ACTIVE (2020-05-21 02:12:56.308993)

----------------------------------------------------
sensor status : 2020-05-21 02:17:56.326222 (Intvl. 300sec)
 FC7B19B8DD04 : Rbt 0x01 : ACTIVE (2020-05-21 02:17:56.227187)

----------------------------------------------------
sensor status : 2020-05-21 02:22:56.315595 (Intvl. 300sec)
 FC7B19B8DD04 : Rbt 0x01 : ACTIVE (2020-05-21 02:22:56.303019)

----------------------------------------------------
sensor status : 2020-05-21 02:27:56.316683 (Intvl. 300sec)
 FC7B19B8DD04 : Rbt 0x01 : ACTIVE (2020-05-21 02:27:56.278016)

----------------------------------------------------
sensor status : 2020-05-21 02:32:56.316982 (Intvl. 300sec)
 FC7B19B8DD04 : Rbt 0x01 : ACTIVE (2020-05-21 02:32:56.151354)

----------------------------------------------------
sensor status : 2020-05-21 02:37:56.340757 (Intvl. 300sec)
 FC7B19B8DD04 : Rbt 0x01 : ACTIVE (2020-05-21 02:37:55.942589)

----------------------------------------------------
sensor status : 2020-05-21 02:42:56.330352 (Intvl. 300sec)
 FC7B19B8DD04 : Rbt 0x01 : ACTIVE (2020-05-21 02:42:56.255262)

----------------------------------------------------
sensor status : 2020-05-21 02:47:56.325638 (Intvl. 300sec)
 FC7B19B8DD04 : Rbt 0x01 : ACTIVE (2020-05-21 02:47:56.019389)

----------------------------------------------------
sensor status : 2020-05-21 02:52:56.321182 (Intvl. 300sec)
 FC7B19B8DD04 : Rbt 0x01 : ACTIVE (2020-05-21 02:52:55.790364)

----------------------------------------------------
sensor status : 2020-05-21 02:57:56.327966 (Intvl. 300sec)
 FC7B19B8DD04 : Rbt 0x01 : ACTIVE (2020-05-21 02:57:56.294903)

----------------------------------------------------
sensor status : 2020-05-21 03:02:56.330963 (Intvl. 300sec)
 FC7B19B8DD04 : Rbt 0x01 : ACTIVE (2020-05-21 03:02:56.191170)

----------------------------------------------------
sensor status : 2020-05-21 03:07:56.323118 (Intvl. 300sec)
 FC7B19B8DD04 : Rbt 0x01 : ACTIVE (2020-05-21 03:07:56.316942)

----------------------------------------------------
sensor status : 2020-05-21 03:12:56.330387 (Intvl. 300sec)
 FC7B19B8DD04 : Rbt 0x01 : ACTIVE (2020-05-21 03:12:56.258776)

----------------------------------------------------
sensor status : 2020-05-21 03:17:56.334091 (Intvl. 300sec)
 FC7B19B8DD04 : Rbt 0x01 : ACTIVE (2020-05-21 03:17:56.164198)

----------------------------------------------------
sensor status : 2020-05-21 03:22:56.334462 (Intvl. 300sec)
 FC7B19B8DD04 : Rbt 0x01 : ACTIVE (2020-05-21 03:22:56.301377)

----------------------------------------------------
sensor status : 2020-05-21 03:27:56.335006 (Intvl. 300sec)
 FC7B19B8DD04 : Rbt 0x01 : ACTIVE (2020-05-21 03:27:56.268296)

----------------------------------------------------
sensor status : 2020-05-21 03:32:56.347131 (Intvl. 300sec)
 FC7B19B8DD04 : Rbt 0x01 : ACTIVE (2020-05-21 03:32:56.240788)

----------------------------------------------------
sensor status : 2020-05-21 03:37:56.329189 (Intvl. 300sec)
 FC7B19B8DD04 : Rbt 0x01 : ACTIVE (2020-05-21 03:37:56.282175)

----------------------------------------------------
sensor status : 2020-05-21 03:42:56.334557 (Intvl. 300sec)
 FC7B19B8DD04 : Rbt 0x01 : ACTIVE (2020-05-21 03:42:56.264475)

----------------------------------------------------
sensor status : 2020-05-21 03:47:56.338597 (Intvl. 300sec)
 FC7B19B8DD04 : Rbt 0x01 : ACTIVE (2020-05-21 03:47:56.212911)

----------------------------------------------------
sensor status : 2020-05-21 03:52:56.343460 (Intvl. 300sec)
 FC7B19B8DD04 : Rbt 0x01 : ACTIVE (2020-05-21 03:52:56.254593)

----------------------------------------------------
sensor status : 2020-05-21 03:57:56.340461 (Intvl. 300sec)
 FC7B19B8DD04 : Rbt 0x01 : ACTIVE (2020-05-21 03:57:55.905084)

----------------------------------------------------
sensor status : 2020-05-21 04:02:56.333600 (Intvl. 300sec)
 FC7B19B8DD04 : Rbt 0x01 : ACTIVE (2020-05-21 04:02:56.326053)

----------------------------------------------------
sensor status : 2020-05-21 04:07:56.334432 (Intvl. 300sec)
 FC7B19B8DD04 : Rbt 0x01 : ACTIVE (2020-05-21 04:07:56.307499)

----------------------------------------------------
sensor status : 2020-05-21 04:12:56.348155 (Intvl. 300sec)
 FC7B19B8DD04 : Rbt 0x01 : ACTIVE (2020-05-21 04:12:56.299528)

----------------------------------------------------
sensor status : 2020-05-21 04:17:56.337721 (Intvl. 300sec)
 FC7B19B8DD04 : Rbt 0x01 : ACTIVE (2020-05-21 04:17:56.272316)

----------------------------------------------------
sensor status : 2020-05-21 04:22:56.340401 (Intvl. 300sec)
 FC7B19B8DD04 : Rbt 0x01 : ACTIVE (2020-05-21 04:22:56.311434)

----------------------------------------------------
sensor status : 2020-05-21 04:27:56.355630 (Intvl. 300sec)
 FC7B19B8DD04 : Rbt 0x01 : ACTIVE (2020-05-21 04:27:56.328066)

----------------------------------------------------
sensor status : 2020-05-21 04:32:56.353007 (Intvl. 300sec)
 FC7B19B8DD04 : Rbt 0x01 : ACTIVE (2020-05-21 04:32:56.308830)

----------------------------------------------------
sensor status : 2020-05-21 04:37:56.350865 (Intvl. 300sec)
 FC7B19B8DD04 : Rbt 0x01 : ACTIVE (2020-05-21 04:37:56.350723)

----------------------------------------------------
sensor status : 2020-05-21 04:42:56.343540 (Intvl. 300sec)
 FC7B19B8DD04 : Rbt 0x01 : ACTIVE (2020-05-21 04:42:56.266666)

----------------------------------------------------
sensor status : 2020-05-21 04:47:56.344983 (Intvl. 300sec)
 FC7B19B8DD04 : Rbt 0x01 : ACTIVE (2020-05-21 04:47:56.344863)

----------------------------------------------------
sensor status : 2020-05-21 04:52:56.359993 (Intvl. 300sec)
 FC7B19B8DD04 : Rbt 0x01 : ACTIVE (2020-05-21 04:52:56.179990)

----------------------------------------------------
sensor status : 2020-05-21 04:57:56.348940 (Intvl. 300sec)
 FC7B19B8DD04 : Rbt 0x01 : ACTIVE (2020-05-21 04:57:56.164447)

----------------------------------------------------
sensor status : 2020-05-21 05:02:56.355124 (Intvl. 300sec)
 FC7B19B8DD04 : Rbt 0x01 : ACTIVE (2020-05-21 05:02:56.296502)

----------------------------------------------------
sensor status : 2020-05-21 05:07:56.353846 (Intvl. 300sec)
 FC7B19B8DD04 : Rbt 0x01 : ACTIVE (2020-05-21 05:07:56.277536)

----------------------------------------------------
sensor status : 2020-05-21 05:12:56.348822 (Intvl. 300sec)
 FC7B19B8DD04 : Rbt 0x01 : ACTIVE (2020-05-21 05:12:56.191885)

----------------------------------------------------
sensor status : 2020-05-21 05:17:56.352537 (Intvl. 300sec)
 FC7B19B8DD04 : Rbt 0x01 : ACTIVE (2020-05-21 05:17:56.300482)

----------------------------------------------------
sensor status : 2020-05-21 05:22:56.362305 (Intvl. 300sec)
 FC7B19B8DD04 : Rbt 0x01 : ACTIVE (2020-05-21 05:22:56.093263)

----------------------------------------------------
sensor status : 2020-05-21 05:27:56.377326 (Intvl. 300sec)
 FC7B19B8DD04 : Rbt 0x01 : ACTIVE (2020-05-21 05:27:56.081563)

----------------------------------------------------
sensor status : 2020-05-21 05:32:56.362916 (Intvl. 300sec)
 FC7B19B8DD04 : Rbt 0x01 : ACTIVE (2020-05-21 05:32:56.139495)

----------------------------------------------------
sensor status : 2020-05-21 05:37:56.379475 (Intvl. 300sec)
 FC7B19B8DD04 : Rbt 0x01 : ACTIVE (2020-05-21 05:37:56.301823)

----------------------------------------------------
sensor status : 2020-05-21 05:42:56.362954 (Intvl. 300sec)
 FC7B19B8DD04 : Rbt 0x01 : ACTIVE (2020-05-21 05:42:56.201453)

----------------------------------------------------
sensor status : 2020-05-21 05:47:56.375760 (Intvl. 300sec)
 FC7B19B8DD04 : Rbt 0x01 : ACTIVE (2020-05-21 05:47:56.283530)

----------------------------------------------------
sensor status : 2020-05-21 05:52:56.359353 (Intvl. 300sec)
 FC7B19B8DD04 : Rbt 0x01 : ACTIVE (2020-05-21 05:52:56.333072)

----------------------------------------------------
sensor status : 2020-05-21 05:57:56.355932 (Intvl. 300sec)
 FC7B19B8DD04 : Rbt 0x01 : ACTIVE (2020-05-21 05:57:56.355687)

----------------------------------------------------
sensor status : 2020-05-21 06:02:56.361135 (Intvl. 300sec)
 FC7B19B8DD04 : Rbt 0x01 : ACTIVE (2020-05-21 06:02:56.278869)

----------------------------------------------------
sensor status : 2020-05-21 06:07:56.356904 (Intvl. 300sec)
 FC7B19B8DD04 : Rbt 0x01 : ACTIVE (2020-05-21 06:07:56.284558)

----------------------------------------------------
sensor status : 2020-05-21 06:12:56.386037 (Intvl. 300sec)
 FC7B19B8DD04 : Rbt 0x01 : ACTIVE (2020-05-21 06:12:56.316600)

----------------------------------------------------
sensor status : 2020-05-21 06:17:56.373966 (Intvl. 300sec)
 FC7B19B8DD04 : Rbt 0x01 : ACTIVE (2020-05-21 06:17:56.328277)

----------------------------------------------------
sensor status : 2020-05-21 06:22:56.360399 (Intvl. 300sec)
 FC7B19B8DD04 : Rbt 0x01 : ACTIVE (2020-05-21 06:22:56.310610)

----------------------------------------------------
sensor status : 2020-05-21 06:27:56.361346 (Intvl. 300sec)
 FC7B19B8DD04 : Rbt 0x01 : ACTIVE (2020-05-21 06:27:56.335686)

----------------------------------------------------
sensor status : 2020-05-21 06:32:56.371666 (Intvl. 300sec)
 FC7B19B8DD04 : Rbt 0x01 : ACTIVE (2020-05-21 06:32:56.370235)

----------------------------------------------------
sensor status : 2020-05-21 06:37:56.371332 (Intvl. 300sec)
 FC7B19B8DD04 : Rbt 0x01 : ACTIVE (2020-05-21 06:37:56.206163)

----------------------------------------------------
sensor status : 2020-05-21 06:42:56.371092 (Intvl. 300sec)
 FC7B19B8DD04 : Rbt 0x01 : ACTIVE (2020-05-21 06:42:56.182544)

----------------------------------------------------
sensor status : 2020-05-21 06:47:56.368616 (Intvl. 300sec)
 FC7B19B8DD04 : Rbt 0x01 : ACTIVE (2020-05-21 06:47:56.292146)

----------------------------------------------------
sensor status : 2020-05-21 06:52:56.368981 (Intvl. 300sec)
 FC7B19B8DD04 : Rbt 0x01 : ACTIVE (2020-05-21 06:52:56.280180)

----------------------------------------------------
sensor status : 2020-05-21 06:57:56.378238 (Intvl. 300sec)
 FC7B19B8DD04 : Rbt 0x01 : ACTIVE (2020-05-21 06:57:56.277486)

----------------------------------------------------
sensor status : 2020-05-21 07:02:56.384201 (Intvl. 300sec)
 FC7B19B8DD04 : Rbt 0x01 : ACTIVE (2020-05-21 07:02:56.382527)

----------------------------------------------------
sensor status : 2020-05-21 07:07:56.372699 (Intvl. 300sec)
 FC7B19B8DD04 : Rbt 0x01 : ACTIVE (2020-05-21 07:07:56.288044)

----------------------------------------------------
sensor status : 2020-05-21 07:12:56.377633 (Intvl. 300sec)
 FC7B19B8DD04 : Rbt 0x01 : ACTIVE (2020-05-21 07:12:56.228549)

----------------------------------------------------
sensor status : 2020-05-21 07:17:56.371749 (Intvl. 300sec)
 FC7B19B8DD04 : Rbt 0x01 : ACTIVE (2020-05-21 07:17:56.313528)

----------------------------------------------------
sensor status : 2020-05-21 07:22:56.372799 (Intvl. 300sec)
 FC7B19B8DD04 : Rbt 0x01 : ACTIVE (2020-05-21 07:22:56.349400)

----------------------------------------------------
sensor status : 2020-05-21 07:27:56.374583 (Intvl. 300sec)
 FC7B19B8DD04 : Rbt 0x01 : ACTIVE (2020-05-21 07:27:56.368115)

----------------------------------------------------
sensor status : 2020-05-21 07:32:56.373703 (Intvl. 300sec)
 FC7B19B8DD04 : Rbt 0x01 : ACTIVE (2020-05-21 07:32:56.146418)

----------------------------------------------------
sensor status : 2020-05-21 07:37:56.373867 (Intvl. 300sec)
 FC7B19B8DD04 : Rbt 0x01 : ACTIVE (2020-05-21 07:37:56.320896)

----------------------------------------------------
sensor status : 2020-05-21 07:42:56.383811 (Intvl. 300sec)
 FC7B19B8DD04 : Rbt 0x01 : ACTIVE (2020-05-21 07:42:56.247133)

----------------------------------------------------
sensor status : 2020-05-21 07:47:56.403660 (Intvl. 300sec)
 FC7B19B8DD04 : Rbt 0x01 : ACTIVE (2020-05-21 07:47:56.268547)

----------------------------------------------------
sensor status : 2020-05-21 07:52:56.378550 (Intvl. 300sec)
 FC7B19B8DD04 : Rbt 0x01 : ACTIVE (2020-05-21 07:52:56.291662)

----------------------------------------------------
sensor status : 2020-05-21 07:57:56.381265 (Intvl. 300sec)
 FC7B19B8DD04 : Rbt 0x01 : ACTIVE (2020-05-21 07:57:56.222141)

----------------------------------------------------
sensor status : 2020-05-21 08:02:56.380833 (Intvl. 300sec)
 FC7B19B8DD04 : Rbt 0x01 : ACTIVE (2020-05-21 08:02:55.319110)

----------------------------------------------------
sensor status : 2020-05-21 08:07:56.402308 (Intvl. 300sec)
 FC7B19B8DD04 : Rbt 0x01 : ACTIVE (2020-05-21 08:07:55.294016)

----------------------------------------------------
sensor status : 2020-05-21 08:12:56.386242 (Intvl. 300sec)
 FC7B19B8DD04 : Rbt 0x01 : ACTIVE (2020-05-21 08:12:55.850549)

----------------------------------------------------
sensor status : 2020-05-21 08:17:56.395276 (Intvl. 300sec)
 FC7B19B8DD04 : Rbt 0x01 : ACTIVE (2020-05-21 08:17:55.926049)

----------------------------------------------------
sensor status : 2020-05-21 08:22:56.386732 (Intvl. 300sec)
 FC7B19B8DD04 : Rbt 0x01 : ACTIVE (2020-05-21 08:22:56.326483)

----------------------------------------------------
sensor status : 2020-05-21 08:27:56.398391 (Intvl. 300sec)
 FC7B19B8DD04 : Rbt 0x01 : ACTIVE (2020-05-21 08:27:56.231153)

----------------------------------------------------
sensor status : 2020-05-21 08:32:56.389796 (Intvl. 300sec)
 FC7B19B8DD04 : Rbt 0x01 : ACTIVE (2020-05-21 08:32:56.221736)

----------------------------------------------------
sensor status : 2020-05-21 08:37:56.391727 (Intvl. 300sec)
 FC7B19B8DD04 : Rbt 0x01 : ACTIVE (2020-05-21 08:37:56.318917)

----------------------------------------------------
sensor status : 2020-05-21 08:42:56.385944 (Intvl. 300sec)
 FC7B19B8DD04 : Rbt 0x01 : ACTIVE (2020-05-21 08:42:56.287079)

----------------------------------------------------
sensor status : 2020-05-21 08:47:56.397663 (Intvl. 300sec)
 FC7B19B8DD04 : Rbt 0x01 : ACTIVE (2020-05-21 08:47:56.350630)

----------------------------------------------------
sensor status : 2020-05-21 08:52:56.403873 (Intvl. 300sec)
 FC7B19B8DD04 : Rbt 0x01 : ACTIVE (2020-05-21 08:52:56.367689)

----------------------------------------------------
sensor status : 2020-05-21 08:57:56.398391 (Intvl. 300sec)
 FC7B19B8DD04 : Rbt 0x01 : ACTIVE (2020-05-21 08:57:55.783468)

----------------------------------------------------
sensor status : 2020-05-21 09:02:56.392320 (Intvl. 300sec)
 FC7B19B8DD04 : Rbt 0x01 : ACTIVE (2020-05-21 09:02:55.164757)

----------------------------------------------------
sensor status : 2020-05-21 09:07:56.397896 (Intvl. 300sec)
 FC7B19B8DD04 : Rbt 0x01 : ACTIVE (2020-05-21 09:07:54.617209)

----------------------------------------------------
sensor status : 2020-05-21 09:12:56.401644 (Intvl. 300sec)
 FC7B19B8DD04 : Rbt 0x01 : ACTIVE (2020-05-21 09:12:54.877623)

----------------------------------------------------
sensor status : 2020-05-21 09:17:56.402819 (Intvl. 300sec)
 FC7B19B8DD04 : Rbt 0x01 : ACTIVE (2020-05-21 09:17:55.666615)

----------------------------------------------------
sensor status : 2020-05-21 09:22:56.398497 (Intvl. 300sec)
 FC7B19B8DD04 : Rbt 0x01 : ACTIVE (2020-05-21 09:22:53.189962)

----------------------------------------------------
sensor status : 2020-05-21 09:27:56.397561 (Intvl. 300sec)
 FC7B19B8DD04 : Rbt 0x01 : ACTIVE (2020-05-21 09:27:56.397418)

----------------------------------------------------
sensor status : 2020-05-21 09:32:56.407678 (Intvl. 300sec)
 FC7B19B8DD04 : Rbt 0x01 : ACTIVE (2020-05-21 09:32:55.945964)

----------------------------------------------------
sensor status : 2020-05-21 09:37:56.395326 (Intvl. 300sec)
 FC7B19B8DD04 : Rbt 0x01 : ACTIVE (2020-05-21 09:37:55.948617)

----------------------------------------------------
sensor status : 2020-05-21 09:42:56.401620 (Intvl. 300sec)
 FC7B19B8DD04 : Rbt 0x01 : ACTIVE (2020-05-21 09:42:56.382051)

----------------------------------------------------
sensor status : 2020-05-21 09:47:56.405481 (Intvl. 300sec)
 FC7B19B8DD04 : Rbt 0x01 : ACTIVE (2020-05-21 09:47:56.331372)

----------------------------------------------------
sensor status : 2020-05-21 09:52:56.398685 (Intvl. 300sec)
 FC7B19B8DD04 : Rbt 0x01 : ACTIVE (2020-05-21 09:52:56.362582)

----------------------------------------------------
sensor status : 2020-05-21 09:57:56.412082 (Intvl. 300sec)
 FC7B19B8DD04 : Rbt 0x01 : ACTIVE (2020-05-21 09:57:56.368921)

----------------------------------------------------
sensor status : 2020-05-21 10:02:56.405348 (Intvl. 300sec)
 FC7B19B8DD04 : Rbt 0x01 : ACTIVE (2020-05-21 10:02:56.360038)

----------------------------------------------------
sensor status : 2020-05-21 10:07:56.415854 (Intvl. 300sec)
 FC7B19B8DD04 : Rbt 0x01 : ACTIVE (2020-05-21 10:07:56.349145)

----------------------------------------------------
sensor status : 2020-05-21 10:12:56.432991 (Intvl. 300sec)
 FC7B19B8DD04 : Rbt 0x01 : ACTIVE (2020-05-21 10:12:56.351602)

----------------------------------------------------
sensor status : 2020-05-21 10:17:56.425162 (Intvl. 300sec)
 FC7B19B8DD04 : Rbt 0x01 : ACTIVE (2020-05-21 10:17:55.653566)

----------------------------------------------------
sensor status : 2020-05-21 10:22:56.402686 (Intvl. 300sec)
 FC7B19B8DD04 : Rbt 0x01 : ACTIVE (2020-05-21 10:22:56.180512)

----------------------------------------------------
sensor status : 2020-05-21 10:27:56.422224 (Intvl. 300sec)
 FC7B19B8DD04 : Rbt 0x01 : ACTIVE (2020-05-21 10:27:56.339417)

----------------------------------------------------
sensor status : 2020-05-21 10:32:56.433112 (Intvl. 300sec)
 FC7B19B8DD04 : Rbt 0x01 : ACTIVE (2020-05-21 10:32:55.633260)

----------------------------------------------------
sensor status : 2020-05-21 10:37:56.416172 (Intvl. 300sec)
 FC7B19B8DD04 : Rbt 0x01 : ACTIVE (2020-05-21 10:37:53.705816)

----------------------------------------------------
sensor status : 2020-05-21 10:42:56.415462 (Intvl. 300sec)
 FC7B19B8DD04 : Rbt 0x01 : ACTIVE (2020-05-21 10:42:56.145003)

----------------------------------------------------
sensor status : 2020-05-21 10:47:56.407441 (Intvl. 300sec)
 FC7B19B8DD04 : Rbt 0x01 : ACTIVE (2020-05-21 10:47:55.775361)

----------------------------------------------------
sensor status : 2020-05-21 10:52:56.424383 (Intvl. 300sec)
 FC7B19B8DD04 : Rbt 0x01 : ACTIVE (2020-05-21 10:52:56.221528)

----------------------------------------------------
sensor status : 2020-05-21 10:57:56.425740 (Intvl. 300sec)
 FC7B19B8DD04 : Rbt 0x01 : ACTIVE (2020-05-21 10:57:55.922555)

----------------------------------------------------
sensor status : 2020-05-21 11:02:56.425308 (Intvl. 300sec)
 FC7B19B8DD04 : Rbt 0x01 : ACTIVE (2020-05-21 11:02:55.889376)

----------------------------------------------------
sensor status : 2020-05-21 11:07:56.423685 (Intvl. 300sec)
 FC7B19B8DD04 : Rbt 0x01 : ACTIVE (2020-05-21 11:07:56.330000)

----------------------------------------------------
sensor status : 2020-05-21 11:12:56.415289 (Intvl. 300sec)
 FC7B19B8DD04 : Rbt 0x01 : ACTIVE (2020-05-21 11:12:56.272539)

----------------------------------------------------
sensor status : 2020-05-21 11:17:56.421809 (Intvl. 300sec)
 FC7B19B8DD04 : Rbt 0x01 : ACTIVE (2020-05-21 11:17:56.276016)

----------------------------------------------------
sensor status : 2020-05-21 11:22:56.423407 (Intvl. 300sec)
 FC7B19B8DD04 : Rbt 0x01 : ACTIVE (2020-05-21 11:22:56.252044)

----------------------------------------------------
sensor status : 2020-05-21 11:27:56.433337 (Intvl. 300sec)
 FC7B19B8DD04 : Rbt 0x01 : ACTIVE (2020-05-21 11:27:56.169449)

----------------------------------------------------
sensor status : 2020-05-21 11:32:56.432493 (Intvl. 300sec)
 FC7B19B8DD04 : Rbt 0x01 : ACTIVE (2020-05-21 11:32:56.389626)

----------------------------------------------------
sensor status : 2020-05-21 11:37:56.423406 (Intvl. 300sec)
 FC7B19B8DD04 : Rbt 0x01 : ACTIVE (2020-05-21 11:37:56.265226)

----------------------------------------------------
sensor status : 2020-05-21 11:42:56.430873 (Intvl. 300sec)
 FC7B19B8DD04 : Rbt 0x01 : ACTIVE (2020-05-21 11:42:56.387746)

----------------------------------------------------
sensor status : 2020-05-21 11:47:56.427752 (Intvl. 300sec)
 FC7B19B8DD04 : Rbt 0x01 : ACTIVE (2020-05-21 11:47:56.391265)

----------------------------------------------------
sensor status : 2020-05-21 11:52:56.430070 (Intvl. 300sec)
 FC7B19B8DD04 : Rbt 0x01 : ACTIVE (2020-05-21 11:52:56.013066)

----------------------------------------------------
sensor status : 2020-05-21 11:57:56.440971 (Intvl. 300sec)
 FC7B19B8DD04 : Rbt 0x01 : ACTIVE (2020-05-21 11:57:56.151475)

----------------------------------------------------
sensor status : 2020-05-21 12:02:56.432189 (Intvl. 300sec)
 FC7B19B8DD04 : Rbt 0x01 : ACTIVE (2020-05-21 12:02:55.655641)

----------------------------------------------------
sensor status : 2020-05-21 12:07:56.425840 (Intvl. 300sec)
 FC7B19B8DD04 : Rbt 0x01 : ACTIVE (2020-05-21 12:07:55.895841)

----------------------------------------------------
sensor status : 2020-05-21 12:12:56.438557 (Intvl. 300sec)
 FC7B19B8DD04 : Rbt 0x01 : ACTIVE (2020-05-21 12:12:55.883951)

----------------------------------------------------
sensor status : 2020-05-21 12:17:56.429096 (Intvl. 300sec)
 FC7B19B8DD04 : Rbt 0x01 : ACTIVE (2020-05-21 12:17:55.778042)

----------------------------------------------------
sensor status : 2020-05-21 12:22:56.426799 (Intvl. 300sec)
 FC7B19B8DD04 : Rbt 0x01 : ACTIVE (2020-05-21 12:22:55.960664)

----------------------------------------------------
sensor status : 2020-05-21 12:27:56.445162 (Intvl. 300sec)
 FC7B19B8DD04 : Rbt 0x01 : ACTIVE (2020-05-21 12:27:56.443349)

----------------------------------------------------
sensor status : 2020-05-21 12:32:56.429166 (Intvl. 300sec)
 FC7B19B8DD04 : Rbt 0x01 : ACTIVE (2020-05-21 12:32:55.247216)

----------------------------------------------------
sensor status : 2020-05-21 12:37:56.427407 (Intvl. 300sec)
 FC7B19B8DD04 : Rbt 0x01 : ACTIVE (2020-05-21 12:37:55.027223)

----------------------------------------------------
sensor status : 2020-05-21 12:42:56.439245 (Intvl. 300sec)
 FC7B19B8DD04 : Rbt 0x01 : ACTIVE (2020-05-21 12:42:54.243695)

----------------------------------------------------
sensor status : 2020-05-21 12:47:56.439181 (Intvl. 300sec)
 FC7B19B8DD04 : Rbt 0x01 : ACTIVE (2020-05-21 12:47:53.149081)

----------------------------------------------------
sensor status : 2020-05-21 12:52:56.432743 (Intvl. 300sec)
 FC7B19B8DD04 : Rbt 0x01 : ACTIVE (2020-05-21 12:52:56.391205)

----------------------------------------------------
sensor status : 2020-05-21 12:57:56.458176 (Intvl. 300sec)
 FC7B19B8DD04 : Rbt 0x01 : ACTIVE (2020-05-21 12:57:56.317918)

----------------------------------------------------
sensor status : 2020-05-21 13:02:56.434326 (Intvl. 300sec)
 FC7B19B8DD04 : Rbt 0x01 : ACTIVE (2020-05-21 13:02:56.434189)

----------------------------------------------------
sensor status : 2020-05-21 13:07:56.454361 (Intvl. 300sec)
 FC7B19B8DD04 : Rbt 0x01 : ACTIVE (2020-05-21 13:07:56.373350)

----------------------------------------------------
sensor status : 2020-05-21 13:12:56.437415 (Intvl. 300sec)
 FC7B19B8DD04 : Rbt 0x01 : ACTIVE (2020-05-21 13:12:56.412109)

----------------------------------------------------
sensor status : 2020-05-21 13:17:56.436022 (Intvl. 300sec)
 FC7B19B8DD04 : Rbt 0x01 : ACTIVE (2020-05-21 13:17:56.428673)

----------------------------------------------------
sensor status : 2020-05-21 13:22:56.446273 (Intvl. 300sec)
 FC7B19B8DD04 : Rbt 0x01 : ACTIVE (2020-05-21 13:22:56.120412)

----------------------------------------------------
sensor status : 2020-05-21 13:27:56.439234 (Intvl. 300sec)
 FC7B19B8DD04 : Rbt 0x01 : ACTIVE (2020-05-21 13:27:56.059605)

----------------------------------------------------
sensor status : 2020-05-21 13:32:56.443575 (Intvl. 300sec)
 FC7B19B8DD04 : Rbt 0x01 : ACTIVE (2020-05-21 13:32:56.359303)

----------------------------------------------------
sensor status : 2020-05-21 13:37:56.466260 (Intvl. 300sec)
 FC7B19B8DD04 : Rbt 0x01 : ACTIVE (2020-05-21 13:37:55.878618)

----------------------------------------------------
sensor status : 2020-05-21 13:42:56.462349 (Intvl. 300sec)
 FC7B19B8DD04 : Rbt 0x01 : ACTIVE (2020-05-21 13:42:56.357554)

----------------------------------------------------
sensor status : 2020-05-21 13:47:56.449914 (Intvl. 300sec)
 FC7B19B8DD04 : Rbt 0x01 : ACTIVE (2020-05-21 13:47:56.449767)

----------------------------------------------------
sensor status : 2020-05-21 13:52:56.471308 (Intvl. 300sec)
 FC7B19B8DD04 : Rbt 0x01 : ACTIVE (2020-05-21 13:52:56.390482)

----------------------------------------------------
sensor status : 2020-05-21 13:57:56.455000 (Intvl. 300sec)
 FC7B19B8DD04 : Rbt 0x01 : ACTIVE (2020-05-21 13:57:56.355707)

----------------------------------------------------
sensor status : 2020-05-21 14:02:56.450456 (Intvl. 300sec)
 FC7B19B8DD04 : Rbt 0x01 : ACTIVE (2020-05-21 14:02:56.211662)

----------------------------------------------------
sensor status : 2020-05-21 14:07:56.447657 (Intvl. 300sec)
 FC7B19B8DD04 : Rbt 0x01 : ACTIVE (2020-05-21 14:07:56.365710)

----------------------------------------------------
sensor status : 2020-05-21 14:12:56.461098 (Intvl. 300sec)
 FC7B19B8DD04 : Rbt 0x01 : ACTIVE (2020-05-21 14:12:56.392738)

----------------------------------------------------
sensor status : 2020-05-21 14:17:56.448879 (Intvl. 300sec)
 FC7B19B8DD04 : Rbt 0x01 : ACTIVE (2020-05-21 14:17:55.876951)

----------------------------------------------------
sensor status : 2020-05-21 14:22:56.470357 (Intvl. 300sec)
 FC7B19B8DD04 : Rbt 0x01 : ACTIVE (2020-05-21 14:22:56.398179)

----------------------------------------------------
sensor status : 2020-05-21 14:27:56.454012 (Intvl. 300sec)
 FC7B19B8DD04 : Rbt 0x01 : ACTIVE (2020-05-21 14:27:56.369490)

--envsensor_observer : complete initialization

----------------------------------------------------
sensor status : 2020-05-21 15:49:09.450736 (Intvl. 300sec)
 FC7B19B8DD04 : Rbt 0x01 : ACTIVE (2020-05-21 15:49:09.343874)

----------------------------------------------------
sensor status : 2020-05-21 15:54:09.459181 (Intvl. 300sec)
 FC7B19B8DD04 : Rbt 0x01 : ACTIVE (2020-05-21 15:54:09.369480)

----------------------------------------------------
sensor status : 2020-05-21 15:59:09.520428 (Intvl. 300sec)
 FC7B19B8DD04 : Rbt 0x01 : ACTIVE (2020-05-21 15:59:09.449513)

----------------------------------------------------
sensor status : 2020-05-21 16:04:09.451128 (Intvl. 300sec)
 FC7B19B8DD04 : Rbt 0x01 : ACTIVE (2020-05-21 16:04:09.383222)

----------------------------------------------------
sensor status : 2020-05-21 16:09:09.468608 (Intvl. 300sec)
 FC7B19B8DD04 : Rbt 0x01 : ACTIVE (2020-05-21 16:09:09.376649)

----------------------------------------------------
sensor status : 2020-05-21 16:14:09.455261 (Intvl. 300sec)
 FC7B19B8DD04 : Rbt 0x01 : ACTIVE (2020-05-21 16:14:09.437182)

----------------------------------------------------
sensor status : 2020-05-21 16:19:09.452397 (Intvl. 300sec)
 FC7B19B8DD04 : Rbt 0x01 : ACTIVE (2020-05-21 16:19:09.375245)

----------------------------------------------------
sensor status : 2020-05-21 16:24:09.455541 (Intvl. 300sec)
 FC7B19B8DD04 : Rbt 0x01 : ACTIVE (2020-05-21 16:24:09.255443)

----------------------------------------------------
sensor status : 2020-05-21 16:29:09.457533 (Intvl. 300sec)
 FC7B19B8DD04 : Rbt 0x01 : ACTIVE (2020-05-21 16:29:07.735227)

----------------------------------------------------
sensor status : 2020-05-21 16:34:09.455139 (Intvl. 300sec)
 FC7B19B8DD04 : Rbt 0x01 : ACTIVE (2020-05-21 16:34:07.403034)

----------------------------------------------------
sensor status : 2020-05-21 16:39:09.459657 (Intvl. 300sec)
 FC7B19B8DD04 : Rbt 0x01 : ACTIVE (2020-05-21 16:39:09.371375)

----------------------------------------------------
sensor status : 2020-05-21 16:44:09.462417 (Intvl. 300sec)
 FC7B19B8DD04 : Rbt 0x01 : ACTIVE (2020-05-21 16:44:09.365105)

----------------------------------------------------
sensor status : 2020-05-21 16:49:09.467964 (Intvl. 300sec)
 FC7B19B8DD04 : Rbt 0x01 : ACTIVE (2020-05-21 16:49:09.436803)

----------------------------------------------------
sensor status : 2020-05-21 16:54:09.471107 (Intvl. 300sec)
 FC7B19B8DD04 : Rbt 0x01 : ACTIVE (2020-05-21 16:54:09.335082)

----------------------------------------------------
sensor status : 2020-05-21 16:59:09.475282 (Intvl. 300sec)
 FC7B19B8DD04 : Rbt 0x01 : ACTIVE (2020-05-21 16:59:09.384306)

----------------------------------------------------
sensor status : 2020-05-21 17:04:09.458697 (Intvl. 300sec)
 FC7B19B8DD04 : Rbt 0x01 : ACTIVE (2020-05-21 17:04:09.420440)

----------------------------------------------------
sensor status : 2020-05-21 17:09:09.494675 (Intvl. 300sec)
 FC7B19B8DD04 : Rbt 0x01 : ACTIVE (2020-05-21 17:09:09.424950)

----------------------------------------------------
sensor status : 2020-05-21 17:14:09.465629 (Intvl. 300sec)
 FC7B19B8DD04 : Rbt 0x01 : ACTIVE (2020-05-21 17:14:09.441949)

----------------------------------------------------
sensor status : 2020-05-21 17:19:09.465376 (Intvl. 300sec)
 FC7B19B8DD04 : Rbt 0x01 : ACTIVE (2020-05-21 17:19:09.409533)

----------------------------------------------------
sensor status : 2020-05-21 17:24:09.473498 (Intvl. 300sec)
 FC7B19B8DD04 : Rbt 0x01 : ACTIVE (2020-05-21 17:24:09.388864)

----------------------------------------------------
sensor status : 2020-05-21 17:29:09.503294 (Intvl. 300sec)
 FC7B19B8DD04 : Rbt 0x01 : ACTIVE (2020-05-21 17:29:09.438577)

----------------------------------------------------
sensor status : 2020-05-21 17:34:09.473497 (Intvl. 300sec)
 FC7B19B8DD04 : Rbt 0x01 : ACTIVE (2020-05-21 17:34:09.427287)

----------------------------------------------------
sensor status : 2020-05-21 17:39:09.482644 (Intvl. 300sec)
 FC7B19B8DD04 : Rbt 0x01 : ACTIVE (2020-05-21 17:39:09.438198)

----------------------------------------------------
sensor status : 2020-05-21 17:44:09.481651 (Intvl. 300sec)
 FC7B19B8DD04 : Rbt 0x01 : ACTIVE (2020-05-21 17:44:09.478240)

----------------------------------------------------
sensor status : 2020-05-21 17:49:09.481522 (Intvl. 300sec)
 FC7B19B8DD04 : Rbt 0x01 : ACTIVE (2020-05-21 17:49:09.432684)

----------------------------------------------------
sensor status : 2020-05-21 17:54:09.467730 (Intvl. 300sec)
 FC7B19B8DD04 : Rbt 0x01 : ACTIVE (2020-05-21 17:54:09.452891)

----------------------------------------------------
sensor status : 2020-05-21 17:59:09.464988 (Intvl. 300sec)
 FC7B19B8DD04 : Rbt 0x01 : ACTIVE (2020-05-21 17:59:09.181305)

----------------------------------------------------
sensor status : 2020-05-21 18:04:09.470805 (Intvl. 300sec)
 FC7B19B8DD04 : Rbt 0x01 : ACTIVE (2020-05-21 18:04:09.079645)

----------------------------------------------------
sensor status : 2020-05-21 18:09:09.481906 (Intvl. 300sec)
 FC7B19B8DD04 : Rbt 0x01 : ACTIVE (2020-05-21 18:09:08.580078)

----------------------------------------------------
sensor status : 2020-05-21 18:14:09.472637 (Intvl. 300sec)
 FC7B19B8DD04 : Rbt 0x01 : ACTIVE (2020-05-21 18:14:09.314683)

----------------------------------------------------
sensor status : 2020-05-21 18:19:09.516027 (Intvl. 300sec)
 FC7B19B8DD04 : Rbt 0x01 : ACTIVE (2020-05-21 18:19:09.228970)

----------------------------------------------------
sensor status : 2020-05-21 18:24:09.469664 (Intvl. 300sec)
 FC7B19B8DD04 : Rbt 0x01 : ACTIVE (2020-05-21 18:24:07.047185)

----------------------------------------------------
sensor status : 2020-05-21 18:29:09.466195 (Intvl. 300sec)
 FC7B19B8DD04 : Rbt 0x01 : ACTIVE (2020-05-21 18:29:09.442597)

----------------------------------------------------
sensor status : 2020-05-21 18:34:09.470812 (Intvl. 300sec)
 FC7B19B8DD04 : Rbt 0x01 : ACTIVE (2020-05-21 18:34:09.243616)

----------------------------------------------------
sensor status : 2020-05-21 18:39:09.506596 (Intvl. 300sec)
 FC7B19B8DD04 : Rbt 0x01 : ACTIVE (2020-05-21 18:39:09.461810)

----------------------------------------------------
sensor status : 2020-05-21 18:44:09.476999 (Intvl. 300sec)
 FC7B19B8DD04 : Rbt 0x01 : ACTIVE (2020-05-21 18:44:09.221937)

----------------------------------------------------
sensor status : 2020-05-21 18:49:09.474013 (Intvl. 300sec)
 FC7B19B8DD04 : Rbt 0x01 : ACTIVE (2020-05-21 18:49:07.253795)

----------------------------------------------------
sensor status : 2020-05-21 18:54:09.470121 (Intvl. 300sec)
 FC7B19B8DD04 : Rbt 0x01 : ACTIVE (2020-05-21 18:54:09.306530)

----------------------------------------------------
sensor status : 2020-05-21 18:59:09.480460 (Intvl. 300sec)
 FC7B19B8DD04 : Rbt 0x01 : ACTIVE (2020-05-21 18:59:09.480303)

----------------------------------------------------
sensor status : 2020-05-21 19:04:09.474064 (Intvl. 300sec)
 FC7B19B8DD04 : Rbt 0x01 : ACTIVE (2020-05-21 19:04:09.241130)

----------------------------------------------------
sensor status : 2020-05-21 19:09:09.473805 (Intvl. 300sec)
 FC7B19B8DD04 : Rbt 0x01 : ACTIVE (2020-05-21 19:09:09.055783)

----------------------------------------------------
sensor status : 2020-05-21 19:14:09.478197 (Intvl. 300sec)
 FC7B19B8DD04 : Rbt 0x01 : ACTIVE (2020-05-21 19:14:09.284626)

----------------------------------------------------
sensor status : 2020-05-21 19:19:09.494836 (Intvl. 300sec)
 FC7B19B8DD04 : Rbt 0x01 : ACTIVE (2020-05-21 19:19:09.494686)

----------------------------------------------------
sensor status : 2020-05-21 19:24:09.483175 (Intvl. 300sec)
 FC7B19B8DD04 : Rbt 0x01 : ACTIVE (2020-05-21 19:24:09.285576)

----------------------------------------------------
sensor status : 2020-05-21 19:29:09.490756 (Intvl. 300sec)
 FC7B19B8DD04 : Rbt 0x01 : ACTIVE (2020-05-21 19:29:09.382620)

----------------------------------------------------
sensor status : 2020-05-21 19:34:09.480971 (Intvl. 300sec)
 FC7B19B8DD04 : Rbt 0x01 : ACTIVE (2020-05-21 19:34:09.303387)

----------------------------------------------------
sensor status : 2020-05-21 19:39:09.481651 (Intvl. 300sec)
 FC7B19B8DD04 : Rbt 0x01 : ACTIVE (2020-05-21 19:39:09.435945)

----------------------------------------------------
sensor status : 2020-05-21 19:44:09.505143 (Intvl. 300sec)
 FC7B19B8DD04 : Rbt 0x01 : ACTIVE (2020-05-21 19:44:09.462779)

----------------------------------------------------
sensor status : 2020-05-21 19:49:09.481281 (Intvl. 300sec)
 FC7B19B8DD04 : Rbt 0x01 : ACTIVE (2020-05-21 19:49:09.422462)

----------------------------------------------------
sensor status : 2020-05-21 19:54:09.493882 (Intvl. 300sec)
 FC7B19B8DD04 : Rbt 0x01 : ACTIVE (2020-05-21 19:54:09.447710)

----------------------------------------------------
sensor status : 2020-05-21 19:59:09.483975 (Intvl. 300sec)
 FC7B19B8DD04 : Rbt 0x01 : ACTIVE (2020-05-21 19:59:09.483835)

----------------------------------------------------
sensor status : 2020-05-21 20:04:09.492409 (Intvl. 300sec)
 FC7B19B8DD04 : Rbt 0x01 : ACTIVE (2020-05-21 20:04:09.469397)

----------------------------------------------------
sensor status : 2020-05-21 20:09:09.483246 (Intvl. 300sec)
 FC7B19B8DD04 : Rbt 0x01 : ACTIVE (2020-05-21 20:09:09.483121)

----------------------------------------------------
sensor status : 2020-05-21 20:14:09.493364 (Intvl. 300sec)
 FC7B19B8DD04 : Rbt 0x01 : ACTIVE (2020-05-21 20:14:09.467562)

----------------------------------------------------
sensor status : 2020-05-21 20:19:09.486665 (Intvl. 300sec)
 FC7B19B8DD04 : Rbt 0x01 : ACTIVE (2020-05-21 20:19:09.486508)

----------------------------------------------------
sensor status : 2020-05-21 20:24:09.508546 (Intvl. 300sec)
 FC7B19B8DD04 : Rbt 0x01 : ACTIVE (2020-05-21 20:24:09.459070)

----------------------------------------------------
sensor status : 2020-05-21 20:29:09.501014 (Intvl. 300sec)
 FC7B19B8DD04 : Rbt 0x01 : ACTIVE (2020-05-21 20:29:09.483942)

----------------------------------------------------
sensor status : 2020-05-21 20:34:09.490212 (Intvl. 300sec)
 FC7B19B8DD04 : Rbt 0x01 : ACTIVE (2020-05-21 20:34:09.448737)

----------------------------------------------------
sensor status : 2020-05-21 20:39:09.509678 (Intvl. 300sec)
 FC7B19B8DD04 : Rbt 0x01 : ACTIVE (2020-05-21 20:39:09.210817)

----------------------------------------------------
sensor status : 2020-05-21 20:44:09.507928 (Intvl. 300sec)
 FC7B19B8DD04 : Rbt 0x01 : ACTIVE (2020-05-21 20:44:09.434061)

----------------------------------------------------
sensor status : 2020-05-21 20:49:09.490493 (Intvl. 300sec)
 FC7B19B8DD04 : Rbt 0x01 : ACTIVE (2020-05-21 20:49:09.338057)

----------------------------------------------------
sensor status : 2020-05-21 20:54:09.493710 (Intvl. 300sec)
 FC7B19B8DD04 : Rbt 0x01 : ACTIVE (2020-05-21 20:54:09.493567)

----------------------------------------------------
sensor status : 2020-05-21 20:59:09.492661 (Intvl. 300sec)
 FC7B19B8DD04 : Rbt 0x01 : ACTIVE (2020-05-21 20:59:09.476957)

----------------------------------------------------
sensor status : 2020-05-21 21:04:09.494525 (Intvl. 300sec)
 FC7B19B8DD04 : Rbt 0x01 : ACTIVE (2020-05-21 21:04:09.424126)

----------------------------------------------------
sensor status : 2020-05-21 21:09:09.517781 (Intvl. 300sec)
 FC7B19B8DD04 : Rbt 0x01 : ACTIVE (2020-05-21 21:09:09.516623)

----------------------------------------------------
sensor status : 2020-05-21 21:14:09.504060 (Intvl. 300sec)
 FC7B19B8DD04 : Rbt 0x01 : ACTIVE (2020-05-21 21:14:09.468165)

----------------------------------------------------
sensor status : 2020-05-21 21:19:09.502738 (Intvl. 300sec)
 FC7B19B8DD04 : Rbt 0x01 : ACTIVE (2020-05-21 21:19:09.438903)

----------------------------------------------------
sensor status : 2020-05-21 21:24:09.502874 (Intvl. 300sec)
 FC7B19B8DD04 : Rbt 0x01 : ACTIVE (2020-05-21 21:24:09.420170)

----------------------------------------------------
sensor status : 2020-05-21 21:29:09.498188 (Intvl. 300sec)
 FC7B19B8DD04 : Rbt 0x01 : ACTIVE (2020-05-21 21:29:09.418007)

----------------------------------------------------
sensor status : 2020-05-21 21:34:09.507996 (Intvl. 300sec)
 FC7B19B8DD04 : Rbt 0x01 : ACTIVE (2020-05-21 21:34:09.232423)

----------------------------------------------------
sensor status : 2020-05-21 21:39:09.519983 (Intvl. 300sec)
 FC7B19B8DD04 : Rbt 0x01 : ACTIVE (2020-05-21 21:39:09.475557)

----------------------------------------------------
sensor status : 2020-05-21 21:44:09.511442 (Intvl. 300sec)
 FC7B19B8DD04 : Rbt 0x01 : ACTIVE (2020-05-21 21:44:09.407982)

----------------------------------------------------
sensor status : 2020-05-21 21:49:09.503909 (Intvl. 300sec)
 FC7B19B8DD04 : Rbt 0x01 : ACTIVE (2020-05-21 21:49:09.435427)

----------------------------------------------------
sensor status : 2020-05-21 21:54:09.505030 (Intvl. 300sec)
 FC7B19B8DD04 : Rbt 0x01 : ACTIVE (2020-05-21 21:54:09.488196)

----------------------------------------------------
sensor status : 2020-05-21 21:59:09.527951 (Intvl. 300sec)
 FC7B19B8DD04 : Rbt 0x01 : ACTIVE (2020-05-21 21:59:09.375057)

----------------------------------------------------
sensor status : 2020-05-21 22:04:09.509659 (Intvl. 300sec)
 FC7B19B8DD04 : Rbt 0x01 : ACTIVE (2020-05-21 22:04:09.044962)

----------------------------------------------------
sensor status : 2020-05-21 22:09:09.511573 (Intvl. 300sec)
 FC7B19B8DD04 : Rbt 0x01 : ACTIVE (2020-05-21 22:09:08.631837)

----------------------------------------------------
sensor status : 2020-05-21 22:14:09.526789 (Intvl. 300sec)
 FC7B19B8DD04 : Rbt 0x01 : ACTIVE (2020-05-21 22:14:08.112192)

----------------------------------------------------
sensor status : 2020-05-21 22:19:09.507615 (Intvl. 300sec)
 FC7B19B8DD04 : Rbt 0x01 : ACTIVE (2020-05-21 22:19:07.592991)

----------------------------------------------------
sensor status : 2020-05-21 22:24:09.511654 (Intvl. 300sec)
 FC7B19B8DD04 : Rbt 0x01 : ACTIVE (2020-05-21 22:24:07.199163)

----------------------------------------------------
sensor status : 2020-05-21 22:29:09.509204 (Intvl. 300sec)
 FC7B19B8DD04 : Rbt 0x01 : ACTIVE (2020-05-21 22:29:09.357429)

----------------------------------------------------
sensor status : 2020-05-21 22:34:09.523555 (Intvl. 300sec)
 FC7B19B8DD04 : Rbt 0x01 : ACTIVE (2020-05-21 22:34:09.522335)

----------------------------------------------------
sensor status : 2020-05-21 22:39:09.514747 (Intvl. 300sec)
 FC7B19B8DD04 : Rbt 0x01 : ACTIVE (2020-05-21 22:39:09.461652)

----------------------------------------------------
sensor status : 2020-05-21 22:44:09.512268 (Intvl. 300sec)
 FC7B19B8DD04 : Rbt 0x01 : ACTIVE (2020-05-21 22:44:09.358037)

----------------------------------------------------
sensor status : 2020-05-21 22:49:09.518204 (Intvl. 300sec)
 FC7B19B8DD04 : Rbt 0x01 : ACTIVE (2020-05-21 22:49:09.497919)

----------------------------------------------------
sensor status : 2020-05-21 22:54:09.517723 (Intvl. 300sec)
 FC7B19B8DD04 : Rbt 0x01 : ACTIVE (2020-05-21 22:54:09.462067)

----------------------------------------------------
sensor status : 2020-05-21 22:59:09.518838 (Intvl. 300sec)
 FC7B19B8DD04 : Rbt 0x01 : ACTIVE (2020-05-21 22:59:09.421152)

----------------------------------------------------
sensor status : 2020-05-21 23:04:09.517003 (Intvl. 300sec)
 FC7B19B8DD04 : Rbt 0x01 : ACTIVE (2020-05-21 23:04:09.452638)

----------------------------------------------------
sensor status : 2020-05-21 23:09:09.516452 (Intvl. 300sec)
 FC7B19B8DD04 : Rbt 0x01 : ACTIVE (2020-05-21 23:09:09.461872)

----------------------------------------------------
sensor status : 2020-05-21 23:14:09.516376 (Intvl. 300sec)
 FC7B19B8DD04 : Rbt 0x01 : ACTIVE (2020-05-21 23:14:09.515363)

----------------------------------------------------
sensor status : 2020-05-21 23:19:09.525172 (Intvl. 300sec)
 FC7B19B8DD04 : Rbt 0x01 : ACTIVE (2020-05-21 23:19:09.443350)

----------------------------------------------------
sensor status : 2020-05-21 23:24:09.518789 (Intvl. 300sec)
 FC7B19B8DD04 : Rbt 0x01 : ACTIVE (2020-05-21 23:24:09.061484)

----------------------------------------------------
sensor status : 2020-05-21 23:29:09.521640 (Intvl. 300sec)
 FC7B19B8DD04 : Rbt 0x01 : ACTIVE 